[0.024s] Invoking command in '/home/esarchiv/Desktop/testfile/build/transformer': CMAKE_PREFIX_PATH=${CMAKE_PREFIX_PATH}:/opt/ros/humble /usr/bin/cmake --build /home/esarchiv/Desktop/testfile/build/transformer -- -j20 -l20
[0.062s] [35m[1mConsolidate compiler generated dependencies of target transformer[0m
[0.092s] [ 50%] [32mBuilding CXX object CMakeFiles/transformer.dir/src/transformer.cpp.o[0m
[2.547s] [01m[K/home/esarchiv/Desktop/testfile/mycodespace/tf/src/transformer.cpp:[m[K In member function â€˜[01m[Kvoid transformer::point_callback(geometry_msgs::msg::PointStamped_<std::allocator<void> >::SharedPtr)[m[Kâ€™:
[2.547s] [01m[K/home/esarchiv/Desktop/testfile/mycodespace/tf/src/transformer.cpp:50:33:[m[K [01;31m[Kerror: [m[Kno matching function for call to â€˜[01m[Ktf2_ros::Buffer::transform(geometry_msgs::msg::PointStamped&, geometry_msgs::msg::PointStamped&, const char [10], const TimePoint&)[m[Kâ€™
[2.547s]    50 |             [01;31m[Ktf_buffer_.transform(transformed_point, base_link_point, "base_link", tf2::TimePointZero)[m[K;
[2.547s]       |             [01;31m[K~~~~~~~~~~~~~~~~~~~~^~~~~~~~~~~~~~~~~~~~~~~~~~~~~~~~~~~~~~~~~~~~~~~~~~~~~~~~~~~~~~~~~~~~~[m[K
[2.547s] In file included from [01m[K/opt/ros/humble/include/tf2_ros/tf2_ros/buffer.h:42[m[K,
[2.547s]                  from [01m[K/home/esarchiv/Desktop/testfile/mycodespace/tf/src/transformer.cpp:5[m[K:
[2.547s] [01m[K/opt/ros/humble/include/tf2_ros/tf2_ros/buffer_interface.h:209:7:[m[K [01;36m[Knote: [m[Kcandidate: â€˜[01m[Ktemplate<class T> T& tf2_ros::BufferInterface::transform(const T&, T&, const string&, tf2::Duration) const[m[Kâ€™
[2.547s]   209 |   T & [01;36m[Ktransform[m[K(
[2.547s]       |       [01;36m[K^~~~~~~~~[m[K
[2.547s] [01m[K/opt/ros/humble/include/tf2_ros/tf2_ros/buffer_interface.h:209:7:[m[K [01;36m[Knote: [m[K  template argument deduction/substitution failed:
[2.547s] [01m[K/home/esarchiv/Desktop/testfile/mycodespace/tf/src/transformer.cpp:50:88:[m[K [01;36m[Knote: [m[K  cannot convert â€˜[01m[Ktf2::TimePointZero[m[Kâ€™ (type â€˜[01m[Kconst TimePoint[m[Kâ€™ {aka â€˜[01m[Kconst std::chrono::time_point<std::chrono::_V2::system_clock, std::chrono::duration<long int, std::ratio<1, 1000000000> > >[m[Kâ€™}) to type â€˜[01m[Ktf2::Duration[m[Kâ€™ {aka â€˜[01m[Kstd::chrono::duration<long int, std::ratio<1, 1000000000> >[m[Kâ€™}
[2.547s]    50 |             tf_buffer_.transform(transformed_point, base_link_point, "base_link", [01;36m[Ktf2::TimePointZero[m[K);
[2.548s]       |                                                                                   [01;36m[K~~~~~^~~~~~~~~~~~~[m[K
[2.548s] In file included from [01m[K/opt/ros/humble/include/tf2_ros/tf2_ros/buffer.h:42[m[K,
[2.548s]                  from [01m[K/home/esarchiv/Desktop/testfile/mycodespace/tf/src/transformer.cpp:5[m[K:
[2.548s] [01m[K/opt/ros/humble/include/tf2_ros/tf2_ros/buffer_interface.h:231:5:[m[K [01;36m[Knote: [m[Kcandidate: â€˜[01m[Ktemplate<class T> T tf2_ros::BufferInterface::transform(const T&, const string&, tf2::Duration) const[m[Kâ€™
[2.548s]   231 |   T [01;36m[Ktransform[m[K(
[2.548s]       |     [01;36m[K^~~~~~~~~[m[K
[2.548s] [01m[K/opt/ros/humble/include/tf2_ros/tf2_ros/buffer_interface.h:231:5:[m[K [01;36m[Knote: [m[K  template argument deduction/substitution failed:
[2.555s] [01m[K/home/esarchiv/Desktop/testfile/mycodespace/tf/src/transformer.cpp:50:33:[m[K [01;36m[Knote: [m[K  candidate expects 3 arguments, 4 provided
[2.555s]    50 |             [01;36m[Ktf_buffer_.transform(transformed_point, base_link_point, "base_link", tf2::TimePointZero)[m[K;
[2.555s]       |             [01;36m[K~~~~~~~~~~~~~~~~~~~~^~~~~~~~~~~~~~~~~~~~~~~~~~~~~~~~~~~~~~~~~~~~~~~~~~~~~~~~~~~~~~~~~~~~~[m[K
[2.555s] In file included from [01m[K/opt/ros/humble/include/tf2_ros/tf2_ros/buffer.h:42[m[K,
[2.555s]                  from [01m[K/home/esarchiv/Desktop/testfile/mycodespace/tf/src/transformer.cpp:5[m[K:
[2.555s] [01m[K/opt/ros/humble/include/tf2_ros/tf2_ros/buffer_interface.h:257:7:[m[K [01;36m[Knote: [m[Kcandidate: â€˜[01m[Ktemplate<class A, class B> B& tf2_ros::BufferInterface::transform(const A&, B&, const string&, tf2::Duration) const[m[Kâ€™
[2.555s]   257 |   B & [01;36m[Ktransform[m[K(
[2.555s]       |       [01;36m[K^~~~~~~~~[m[K
[2.555s] [01m[K/opt/ros/humble/include/tf2_ros/tf2_ros/buffer_interface.h:257:7:[m[K [01;36m[Knote: [m[K  template argument deduction/substitution failed:
[2.555s] [01m[K/home/esarchiv/Desktop/testfile/mycodespace/tf/src/transformer.cpp:50:88:[m[K [01;36m[Knote: [m[K  cannot convert â€˜[01m[Ktf2::TimePointZero[m[Kâ€™ (type â€˜[01m[Kconst TimePoint[m[Kâ€™ {aka â€˜[01m[Kconst std::chrono::time_point<std::chrono::_V2::system_clock, std::chrono::duration<long int, std::ratio<1, 1000000000> > >[m[Kâ€™}) to type â€˜[01m[Ktf2::Duration[m[Kâ€™ {aka â€˜[01m[Kstd::chrono::duration<long int, std::ratio<1, 1000000000> >[m[Kâ€™}
[2.555s]    50 |             tf_buffer_.transform(transformed_point, base_link_point, "base_link", [01;36m[Ktf2::TimePointZero[m[K);
[2.555s]       |                                                                                   [01;36m[K~~~~~^~~~~~~~~~~~~[m[K
[2.555s] In file included from [01m[K/opt/ros/humble/include/tf2_ros/tf2_ros/buffer.h:42[m[K,
[2.555s]                  from [01m[K/home/esarchiv/Desktop/testfile/mycodespace/tf/src/transformer.cpp:5[m[K:
[2.555s] [01m[K/opt/ros/humble/include/tf2_ros/tf2_ros/buffer_interface.h:282:7:[m[K [01;36m[Knote: [m[Kcandidate: â€˜[01m[Ktemplate<class T> T& tf2_ros::BufferInterface::transform(const T&, T&, const string&, const TimePoint&, const string&, tf2::Duration) const[m[Kâ€™
[2.555s]   282 |   T & [01;36m[Ktransform[m[K(
[2.555s]       |       [01;36m[K^~~~~~~~~[m[K
[2.555s] [01m[K/opt/ros/humble/include/tf2_ros/tf2_ros/buffer_interface.h:282:7:[m[K [01;36m[Knote: [m[K  template argument deduction/substitution failed:
[2.555s] [01m[K/home/esarchiv/Desktop/testfile/mycodespace/tf/src/transformer.cpp:50:33:[m[K [01;36m[Knote: [m[K  candidate expects 6 arguments, 4 provided
[2.556s]    50 |             [01;36m[Ktf_buffer_.transform(transformed_point, base_link_point, "base_link", tf2::TimePointZero)[m[K;
[2.556s]       |             [01;36m[K~~~~~~~~~~~~~~~~~~~~^~~~~~~~~~~~~~~~~~~~~~~~~~~~~~~~~~~~~~~~~~~~~~~~~~~~~~~~~~~~~~~~~~~~~[m[K
[2.556s] In file included from [01m[K/opt/ros/humble/include/tf2_ros/tf2_ros/buffer.h:42[m[K,
[2.556s]                  from [01m[K/home/esarchiv/Desktop/testfile/mycodespace/tf/src/transformer.cpp:5[m[K:
[2.556s] [01m[K/opt/ros/humble/include/tf2_ros/tf2_ros/buffer_interface.h:312:5:[m[K [01;36m[Knote: [m[Kcandidate: â€˜[01m[Ktemplate<class T> T tf2_ros::BufferInterface::transform(const T&, const string&, const TimePoint&, const string&, tf2::Duration) const[m[Kâ€™
[2.556s]   312 |   T [01;36m[Ktransform[m[K(
[2.556s]       |     [01;36m[K^~~~~~~~~[m[K
[2.556s] [01m[K/opt/ros/humble/include/tf2_ros/tf2_ros/buffer_interface.h:312:5:[m[K [01;36m[Knote: [m[K  template argument deduction/substitution failed:
[2.556s] [01m[K/home/esarchiv/Desktop/testfile/mycodespace/tf/src/transformer.cpp:50:53:[m[K [01;36m[Knote: [m[K  cannot convert â€˜[01m[Kbase_link_point[m[Kâ€™ (type â€˜[01m[Kgeometry_msgs::msg::PointStamped[m[Kâ€™ {aka â€˜[01m[Kgeometry_msgs::msg::PointStamped_<std::allocator<void> >[m[Kâ€™}) to type â€˜[01m[Kconst string&[m[Kâ€™ {aka â€˜[01m[Kconst std::__cxx11::basic_string<char>&[m[Kâ€™}
[2.556s]    50 |             tf_buffer_.transform(transformed_point, [01;36m[Kbase_link_point[m[K, "base_link", tf2::TimePointZero);
[2.556s]       |                                                     [01;36m[K^~~~~~~~~~~~~~~[m[K
[2.556s] In file included from [01m[K/opt/ros/humble/include/tf2_ros/tf2_ros/buffer.h:42[m[K,
[2.556s]                  from [01m[K/home/esarchiv/Desktop/testfile/mycodespace/tf/src/transformer.cpp:5[m[K:
[2.556s] [01m[K/opt/ros/humble/include/tf2_ros/tf2_ros/buffer_interface.h:343:7:[m[K [01;36m[Knote: [m[Kcandidate: â€˜[01m[Ktemplate<class A, class B> B& tf2_ros::BufferInterface::transform(const A&, B&, const string&, const TimePoint&, const string&, tf2::Duration) const[m[Kâ€™
[2.556s]   343 |   B & [01;36m[Ktransform[m[K(
[2.556s]       |       [01;36m[K^~~~~~~~~[m[K
[2.556s] [01m[K/opt/ros/humble/include/tf2_ros/tf2_ros/buffer_interface.h:343:7:[m[K [01;36m[Knote: [m[K  template argument deduction/substitution failed:
[2.556s] [01m[K/home/esarchiv/Desktop/testfile/mycodespace/tf/src/transformer.cpp:50:33:[m[K [01;36m[Knote: [m[K  candidate expects 6 arguments, 4 provided
[2.556s]    50 |             [01;36m[Ktf_buffer_.transform(transformed_point, base_link_point, "base_link", tf2::TimePointZero)[m[K;
[2.556s]       |             [01;36m[K~~~~~~~~~~~~~~~~~~~~^~~~~~~~~~~~~~~~~~~~~~~~~~~~~~~~~~~~~~~~~~~~~~~~~~~~~~~~~~~~~~~~~~~~~[m[K
[4.890s] gmake[2]: *** [CMakeFiles/transformer.dir/build.make:76ï¼šCMakeFiles/transformer.dir/src/transformer.cpp.o] é”™è¯¯ 1
[4.890s] gmake[1]: *** [CMakeFiles/Makefile2:137ï¼šCMakeFiles/transformer.dir/all] é”™è¯¯ 2
[4.890s] gmake: *** [Makefile:146ï¼šall] é”™è¯¯ 2
[4.892s] Invoked command in '/home/esarchiv/Desktop/testfile/build/transformer' returned '2': CMAKE_PREFIX_PATH=${CMAKE_PREFIX_PATH}:/opt/ros/humble /usr/bin/cmake --build /home/esarchiv/Desktop/testfile/build/transformer -- -j20 -l20
