[0.022s] Invoking command in '/home/esarchiv/Desktop/testfile/build/transformer': CMAKE_PREFIX_PATH=${CMAKE_PREFIX_PATH}:/opt/ros/humble /usr/bin/cmake --build /home/esarchiv/Desktop/testfile/build/transformer -- -j20 -l20
[0.044s] -- Found ament_cmake: 1.3.10 (/opt/ros/humble/share/ament_cmake/cmake)
[0.181s] -- Found rclcpp: 16.0.10 (/opt/ros/humble/share/rclcpp/cmake)
[0.213s] -- Found rosidl_generator_c: 3.1.5 (/opt/ros/humble/share/rosidl_generator_c/cmake)
[0.215s] -- Found rosidl_adapter: 3.1.5 (/opt/ros/humble/share/rosidl_adapter/cmake)
[0.221s] -- Found rosidl_generator_cpp: 3.1.5 (/opt/ros/humble/share/rosidl_generator_cpp/cmake)
[0.232s] -- Using all available rosidl_typesupport_c: rosidl_typesupport_fastrtps_c;rosidl_typesupport_introspection_c
[0.243s] -- Using all available rosidl_typesupport_cpp: rosidl_typesupport_fastrtps_cpp;rosidl_typesupport_introspection_cpp
[0.276s] -- Found rmw_implementation_cmake: 6.1.2 (/opt/ros/humble/share/rmw_implementation_cmake/cmake)
[0.277s] -- Found rmw_fastrtps_cpp: 6.2.7 (/opt/ros/humble/share/rmw_fastrtps_cpp/cmake)
[0.386s] -- Using RMW implementation 'rmw_fastrtps_cpp' as default
[0.429s] -- Found sensor_msgs: 4.2.4 (/opt/ros/humble/share/sensor_msgs/cmake)
[0.453s] -- Found cv_bridge: 3.2.1 (/opt/ros/humble/share/cv_bridge/cmake)
[0.464s] -- Found image_transport: 3.1.9 (/opt/ros/humble/share/image_transport/cmake)
[0.485s] -- Found visualization_msgs: 4.2.4 (/opt/ros/humble/share/visualization_msgs/cmake)
[0.507s] -- Found ament_lint_auto: 0.12.11 (/opt/ros/humble/share/ament_lint_auto/cmake)
[0.571s] -- Added test 'cppcheck' to perform static code analysis on C / C++ code
[0.571s] -- Configured cppcheck include dirs: 
[0.571s] -- Configured cppcheck exclude dirs and/or files: 
[0.572s] -- Added test 'lint_cmake' to check CMake code style
[0.572s] -- Added test 'uncrustify' to check C / C++ code style
[0.573s] -- Configured uncrustify additional arguments: 
[0.573s] -- Added test 'xmllint' to check XML markup files
[0.573s] -- Configuring done
[0.586s] -- Generating done
[0.587s] -- Build files have been written to: /home/esarchiv/Desktop/testfile/build/transformer
[0.614s] [35m[1mConsolidate compiler generated dependencies of target transformer[0m
[0.633s] [ 50%] [32mBuilding CXX object CMakeFiles/transformer.dir/src/transformer.cpp.o[0m
[0.848s] [01m[K/home/esarchiv/Desktop/testfile/mycodespace/tf/src/transformer.cpp:4:10:[m[K [01;31m[Kfatal error: [m[Ktf2_ros/transform_listener.h: æ²¡æœ‰é‚£ä¸ªæ–‡ä»¶æˆ–ç›®å½•
[0.848s]     4 | #include [01;31m[K<tf2_ros/transform_listener.h>[m[K
[0.848s]       |          [01;31m[K^~~~~~~~~~~~~~~~~~~~~~~~~~~~~~[m[K
[0.848s] compilation terminated.
[0.851s] gmake[2]: *** [CMakeFiles/transformer.dir/build.make:76ï¼šCMakeFiles/transformer.dir/src/transformer.cpp.o] é”™è¯¯ 1
[0.851s] gmake[1]: *** [CMakeFiles/Makefile2:137ï¼šCMakeFiles/transformer.dir/all] é”™è¯¯ 2
[0.851s] gmake: *** [Makefile:146ï¼šall] é”™è¯¯ 2
[0.854s] Invoked command in '/home/esarchiv/Desktop/testfile/build/transformer' returned '2': CMAKE_PREFIX_PATH=${CMAKE_PREFIX_PATH}:/opt/ros/humble /usr/bin/cmake --build /home/esarchiv/Desktop/testfile/build/transformer -- -j20 -l20
