[01m[K/home/esarchiv/Desktop/testfile/mycodespace/tf/src/transformer.cpp:3:10:[m[K [01;31m[Kfatal error: [m[Kvisualization_msgs/msg/marker.hpp: æ²¡æœ‰é‚£ä¸ªæ–‡ä»¶æˆ–ç›®å½•
    3 | #include [01;31m[K<visualization_msgs/msg/marker.hpp>[m[K
      |          [01;31m[K^~~~~~~~~~~~~~~~~~~~~~~~~~~~~~~~~~~[m[K
compilation terminated.
gmake[2]: *** [CMakeFiles/transformer.dir/build.make:76ï¼šCMakeFiles/transformer.dir/src/transformer.cpp.o] é”™è¯¯ 1
gmake[1]: *** [CMakeFiles/Makefile2:137ï¼šCMakeFiles/transformer.dir/all] é”™è¯¯ 2
gmake: *** [Makefile:146ï¼šall] é”™è¯¯ 2
