[0.021s] Invoking command in '/home/esarchiv/Desktop/testfile/build/transformer': CMAKE_PREFIX_PATH=${CMAKE_PREFIX_PATH}:/opt/ros/humble /usr/bin/cmake --build /home/esarchiv/Desktop/testfile/build/transformer -- -j20 -l20
[0.047s] -- Found ament_cmake: 1.3.10 (/opt/ros/humble/share/ament_cmake/cmake)
[0.209s] -- Found rclcpp: 16.0.10 (/opt/ros/humble/share/rclcpp/cmake)
[0.251s] -- Found rosidl_generator_c: 3.1.5 (/opt/ros/humble/share/rosidl_generator_c/cmake)
[0.254s] -- Found rosidl_adapter: 3.1.5 (/opt/ros/humble/share/rosidl_adapter/cmake)
[0.260s] -- Found rosidl_generator_cpp: 3.1.5 (/opt/ros/humble/share/rosidl_generator_cpp/cmake)
[0.269s] -- Using all available rosidl_typesupport_c: rosidl_typesupport_fastrtps_c;rosidl_typesupport_introspection_c
[0.281s] -- Using all available rosidl_typesupport_cpp: rosidl_typesupport_fastrtps_cpp;rosidl_typesupport_introspection_cpp
[0.312s] -- Found rmw_implementation_cmake: 6.1.2 (/opt/ros/humble/share/rmw_implementation_cmake/cmake)
[0.314s] -- Found rmw_fastrtps_cpp: 6.2.7 (/opt/ros/humble/share/rmw_fastrtps_cpp/cmake)
[0.423s] -- Using RMW implementation 'rmw_fastrtps_cpp' as default
[0.470s] -- Found sensor_msgs: 4.2.4 (/opt/ros/humble/share/sensor_msgs/cmake)
[0.503s] -- Found cv_bridge: 3.2.1 (/opt/ros/humble/share/cv_bridge/cmake)
[0.515s] -- Found image_transport: 3.1.9 (/opt/ros/humble/share/image_transport/cmake)
[0.538s] -- Found ament_lint_auto: 0.12.11 (/opt/ros/humble/share/ament_lint_auto/cmake)
[0.603s] -- Added test 'cppcheck' to perform static code analysis on C / C++ code
[0.603s] -- Configured cppcheck include dirs: 
[0.604s] -- Configured cppcheck exclude dirs and/or files: 
[0.604s] -- Added test 'lint_cmake' to check CMake code style
[0.605s] -- Added test 'uncrustify' to check C / C++ code style
[0.605s] -- Configured uncrustify additional arguments: 
[0.606s] -- Added test 'xmllint' to check XML markup files
[0.607s] -- Configuring done
[0.619s] -- Generating done
[0.620s] -- Build files have been written to: /home/esarchiv/Desktop/testfile/build/transformer
[0.647s] [35m[1mConsolidate compiler generated dependencies of target transformer[0m
[0.666s] [ 50%] [32mBuilding CXX object CMakeFiles/transformer.dir/src/transformer.cpp.o[0m
[0.848s] [01m[K/home/esarchiv/Desktop/testfile/mycodespace/tf/src/transformer.cpp:3:10:[m[K [01;31m[Kfatal error: [m[Kvisualization_msgs/msg/marker.hpp: æ²¡æœ‰é‚£ä¸ªæ–‡ä»¶æˆ–ç›®å½•
[0.848s]     3 | #include [01;31m[K<visualization_msgs/msg/marker.hpp>[m[K
[0.848s]       |          [01;31m[K^~~~~~~~~~~~~~~~~~~~~~~~~~~~~~~~~~~[m[K
[0.848s] compilation terminated.
[0.850s] gmake[2]: *** [CMakeFiles/transformer.dir/build.make:76ï¼šCMakeFiles/transformer.dir/src/transformer.cpp.o] é”™è¯¯ 1
[0.850s] gmake[1]: *** [CMakeFiles/Makefile2:137ï¼šCMakeFiles/transformer.dir/all] é”™è¯¯ 2
[0.850s] gmake: *** [Makefile:146ï¼šall] é”™è¯¯ 2
[0.853s] Invoked command in '/home/esarchiv/Desktop/testfile/build/transformer' returned '2': CMAKE_PREFIX_PATH=${CMAKE_PREFIX_PATH}:/opt/ros/humble /usr/bin/cmake --build /home/esarchiv/Desktop/testfile/build/transformer -- -j20 -l20
